say_hi was called
say_bye was called
say_hi was called
say_bye was called
say_hi was called at 1689604777.39606
say_bye was called at 1689604777.3970673
say_hi was called at 1689604815302466900
say_bye was called at 1689604815303464400
say_hi was called at 15:43:08
say_bye was called at 15:43:08
say_hi was called at 15:43:29
say_bye was called at 15:43:29
say_hi was called at 15:43:32
say_bye was called at 15:43:32
say_hi was called at 15:54:33
say_bye was called at 15:54:33
say_hi was called at 15:56:03
say_bye was called at 15:56:44
say_hi was called at 15:57:19
say_bye was called at 15:57:19
